--2019-07-19 21:21:35--  https://github.com/visualfc/liteide/releases/download/x36/liteidex36.linux64-qt4.8.7-system.tar.gz
正在解析主机 github.com (github.com)... 192.30.253.112, 192.30.253.113
正在连接 github.com (github.com)|192.30.253.112|:443... 已连接。
已发出 HTTP 请求，正在等待回应... 302 Found
位置：https://github-production-release-asset-2e65be.s3.amazonaws.com/6753728/d8a6dc00-473a-11e9-8f28-65934f37a94e?X-Amz-Algorithm=AWS4-HMAC-SHA256&X-Amz-Credential=AKIAIWNJYAX4CSVEH53A%2F20190719%2Fus-east-1%2Fs3%2Faws4_request&X-Amz-Date=20190719T132136Z&X-Amz-Expires=300&X-Amz-Signature=2dc4c7a9f61cb9499bf9a9acfa4f1ab5b04b025f112db076f8ac6fc85c9e8296&X-Amz-SignedHeaders=host&actor_id=0&response-content-disposition=attachment%3B%20filename%3Dliteidex36.linux64-qt4.8.7-system.tar.gz&response-content-type=application%2Foctet-stream [跟随至新的 URL]
--2019-07-19 21:21:37--  https://github-production-release-asset-2e65be.s3.amazonaws.com/6753728/d8a6dc00-473a-11e9-8f28-65934f37a94e?X-Amz-Algorithm=AWS4-HMAC-SHA256&X-Amz-Credential=AKIAIWNJYAX4CSVEH53A%2F20190719%2Fus-east-1%2Fs3%2Faws4_request&X-Amz-Date=20190719T132136Z&X-Amz-Expires=300&X-Amz-Signature=2dc4c7a9f61cb9499bf9a9acfa4f1ab5b04b025f112db076f8ac6fc85c9e8296&X-Amz-SignedHeaders=host&actor_id=0&response-content-disposition=attachment%3B%20filename%3Dliteidex36.linux64-qt4.8.7-system.tar.gz&response-content-type=application%2Foctet-stream
正在解析主机 github-production-release-asset-2e65be.s3.amazonaws.com (github-production-release-asset-2e65be.s3.amazonaws.com)... 52.216.129.3
正在连接 github-production-release-asset-2e65be.s3.amazonaws.com (github-production-release-asset-2e65be.s3.amazonaws.com)|52.216.129.3|:443... 已连接。
已发出 HTTP 请求，正在等待回应... 200 OK
长度： 15548116 (15M) [application/octet-stream]
正在保存至: “STDOUT”

     0K .......... .......... .......... .......... ..........  0% 40.7K 6m12s
    50K .......... .......... .......... .......... ..........  0% 16.3K 10m48s
   100K .......... .......... .......... .......... ..........  0% 18.1K 11m48s
   150K .......... .......... .......... .......... ..........  1% 10.6K 14m42s
   200K .......... .......... .......... .......... ..........  1% 10.4K 16m31s
   250K .......... .......... .......... .......... ..........  1% 11.9K 17m11s
   300K .......... .......... .......... .......... ..........  2% 23.3K 16m12s
   350K .......... .......... .......... .......... ..........  2% 27.1K 15m16s
   400K .......... .......... .......... .......... ..........  2% 32.5K 14m22s
   450K .......... .......... .......... .......... ..........  3% 27.1K 13m47s
   500K .......... .......... .......... .......... ..........  3% 32.5K 13m10s
   550K .......... .......... .......... .......... ...         3% 70.6K=30s


无法写入 “-” (成功)。
